Start testing: Apr 10 20:12 中国标准时间
----------------------------------------------------------
1/8 Testing: Runs
1/8 Test: Runs
Command: "E:/jetBrains/Project/C++/cmaketutorial/tutorialrun/build/Tutorial.exe" "25"
Directory: E:/jetBrains/Project/C++/cmaketutorial/tutorialrun/build
"Runs" start time: Apr 10 20:12 中国标准时间
Output:
----------------------------------------------------------
Computing sqrt of 25 to be 13
Computing sqrt of 25 to be 7.46154
Computing sqrt of 25 to be 5.40603
Computing sqrt of 25 to be 5.01525
Computing sqrt of 25 to be 5.00002
Computing sqrt of 25 to be 5
Computing sqrt of 25 to be 5
Computing sqrt of 25 to be 5
Computing sqrt of 25 to be 5
Computing sqrt of 25 to be 5
The square root of 25 is 5
<end of output>
Test time =   0.01 sec
----------------------------------------------------------
Test Passed.
"Runs" end time: Apr 10 20:12 中国标准时间
"Runs" time elapsed: 00:00:00
----------------------------------------------------------

2/8 Testing: Usage
2/8 Test: Usage
Command: "E:/jetBrains/Project/C++/cmaketutorial/tutorialrun/build/Tutorial.exe"
Directory: E:/jetBrains/Project/C++/cmaketutorial/tutorialrun/build
"Usage" start time: Apr 10 20:12 中国标准时间
Output:
----------------------------------------------------------
E:/jetBrains/Project/C++/cmaketutorial/tutorialrun/build/Tutorial.exe Version 1.0
Usage: E:/jetBrains/Project/C++/cmaketutorial/tutorialrun/build/Tutorial.exe number
<end of output>
Test time =   0.01 sec
----------------------------------------------------------
Test Pass Reason:
Required regular expression found. Regex=[Usage:.*number]
"Usage" end time: Apr 10 20:12 中国标准时间
"Usage" time elapsed: 00:00:00
----------------------------------------------------------

3/8 Testing: Comp9
3/8 Test: Comp9
Command: "E:/jetBrains/Project/C++/cmaketutorial/tutorialrun/build/Tutorial.exe" "9"
Directory: E:/jetBrains/Project/C++/cmaketutorial/tutorialrun/build
"Comp9" start time: Apr 10 20:12 中国标准时间
Output:
----------------------------------------------------------
Use the table to help find an initial value 
Computing sqrt of 9 to be 3
Computing sqrt of 9 to be 3
Computing sqrt of 9 to be 3
Computing sqrt of 9 to be 3
Computing sqrt of 9 to be 3
Computing sqrt of 9 to be 3
Computing sqrt of 9 to be 3
Computing sqrt of 9 to be 3
Computing sqrt of 9 to be 3
Computing sqrt of 9 to be 3
The square root of 9 is 3
<end of output>
Test time =   0.01 sec
----------------------------------------------------------
Test Pass Reason:
Required regular expression found. Regex=[9 is 3]
"Comp9" end time: Apr 10 20:12 中国标准时间
"Comp9" time elapsed: 00:00:00
----------------------------------------------------------

4/8 Testing: Comp5
4/8 Test: Comp5
Command: "E:/jetBrains/Project/C++/cmaketutorial/tutorialrun/build/Tutorial.exe" "5"
Directory: E:/jetBrains/Project/C++/cmaketutorial/tutorialrun/build
"Comp5" start time: Apr 10 20:12 中国标准时间
Output:
----------------------------------------------------------
Use the table to help find an initial value 
Computing sqrt of 5 to be 2.23607
Computing sqrt of 5 to be 2.23607
Computing sqrt of 5 to be 2.23607
Computing sqrt of 5 to be 2.23607
Computing sqrt of 5 to be 2.23607
Computing sqrt of 5 to be 2.23607
Computing sqrt of 5 to be 2.23607
Computing sqrt of 5 to be 2.23607
Computing sqrt of 5 to be 2.23607
Computing sqrt of 5 to be 2.23607
The square root of 5 is 2.23607
<end of output>
Test time =   0.01 sec
----------------------------------------------------------
Test Pass Reason:
Required regular expression found. Regex=[5 is 2.236]
"Comp5" end time: Apr 10 20:12 中国标准时间
"Comp5" time elapsed: 00:00:00
----------------------------------------------------------

5/8 Testing: Comp7
5/8 Test: Comp7
Command: "E:/jetBrains/Project/C++/cmaketutorial/tutorialrun/build/Tutorial.exe" "7"
Directory: E:/jetBrains/Project/C++/cmaketutorial/tutorialrun/build
"Comp7" start time: Apr 10 20:12 中国标准时间
Output:
----------------------------------------------------------
Use the table to help find an initial value 
Computing sqrt of 7 to be 2.64575
Computing sqrt of 7 to be 2.64575
Computing sqrt of 7 to be 2.64575
Computing sqrt of 7 to be 2.64575
Computing sqrt of 7 to be 2.64575
Computing sqrt of 7 to be 2.64575
Computing sqrt of 7 to be 2.64575
Computing sqrt of 7 to be 2.64575
Computing sqrt of 7 to be 2.64575
Computing sqrt of 7 to be 2.64575
The square root of 7 is 2.64575
<end of output>
Test time =   0.01 sec
----------------------------------------------------------
Test Pass Reason:
Required regular expression found. Regex=[7 is 2.645]
"Comp7" end time: Apr 10 20:12 中国标准时间
"Comp7" time elapsed: 00:00:00
----------------------------------------------------------

6/8 Testing: Comp25
6/8 Test: Comp25
Command: "E:/jetBrains/Project/C++/cmaketutorial/tutorialrun/build/Tutorial.exe" "25"
Directory: E:/jetBrains/Project/C++/cmaketutorial/tutorialrun/build
"Comp25" start time: Apr 10 20:12 中国标准时间
Output:
----------------------------------------------------------
Computing sqrt of 25 to be 13
Computing sqrt of 25 to be 7.46154
Computing sqrt of 25 to be 5.40603
Computing sqrt of 25 to be 5.01525
Computing sqrt of 25 to be 5.00002
Computing sqrt of 25 to be 5
Computing sqrt of 25 to be 5
Computing sqrt of 25 to be 5
Computing sqrt of 25 to be 5
Computing sqrt of 25 to be 5
The square root of 25 is 5
<end of output>
Test time =   0.01 sec
----------------------------------------------------------
Test Pass Reason:
Required regular expression found. Regex=[25 is 5]
"Comp25" end time: Apr 10 20:12 中国标准时间
"Comp25" time elapsed: 00:00:00
----------------------------------------------------------

7/8 Testing: Comp-25
7/8 Test: Comp-25
Command: "E:/jetBrains/Project/C++/cmaketutorial/tutorialrun/build/Tutorial.exe" "-25"
Directory: E:/jetBrains/Project/C++/cmaketutorial/tutorialrun/build
"Comp-25" start time: Apr 10 20:12 中国标准时间
Output:
----------------------------------------------------------
The square root of -25 is 0
<end of output>
Test time =   0.01 sec
----------------------------------------------------------
Test Pass Reason:
Required regular expression found. Regex=[-25 is [-nan|nan|0]]
"Comp-25" end time: Apr 10 20:12 中国标准时间
"Comp-25" time elapsed: 00:00:00
----------------------------------------------------------

8/8 Testing: Comp0.0001
8/8 Test: Comp0.0001
Command: "E:/jetBrains/Project/C++/cmaketutorial/tutorialrun/build/Tutorial.exe" "0.0001"
Directory: E:/jetBrains/Project/C++/cmaketutorial/tutorialrun/build
"Comp0.0001" start time: Apr 10 20:12 中国标准时间
Output:
----------------------------------------------------------
Computing sqrt of 0.0001 to be 0.50005
Computing sqrt of 0.0001 to be 0.250125
Computing sqrt of 0.0001 to be 0.125262
Computing sqrt of 0.0001 to be 0.0630304
Computing sqrt of 0.0001 to be 0.0323084
Computing sqrt of 0.0001 to be 0.0177018
Computing sqrt of 0.0001 to be 0.0116755
Computing sqrt of 0.0001 to be 0.0101202
Computing sqrt of 0.0001 to be 0.0100007
Computing sqrt of 0.0001 to be 0.01
The square root of 0.0001 is 0.01
<end of output>
Test time =   0.01 sec
----------------------------------------------------------
Test Pass Reason:
Required regular expression found. Regex=[0.0001 is 0.01]
"Comp0.0001" end time: Apr 10 20:12 中国标准时间
"Comp0.0001" time elapsed: 00:00:00
----------------------------------------------------------

End testing: Apr 10 20:12 中国标准时间
